SF:lib/core/auth/models/auth_error.dart
DA:4,5
DA:12,1
DA:14,1
DA:15,3
DA:17,2
DA:24,0
LF:6
LH:5
end_of_record
SF:lib/core/auth/models/auth_user.dart
DA:11,1
DA:26,1
DA:29,1
DA:30,3
DA:31,3
DA:32,3
DA:35,1
DA:36,4
DA:38,1
DA:40,4
LF:10
LH:10
end_of_record
SF:lib/core/auth/models/user_profile.dart
DA:9,1
DA:48,1
DA:59,1
DA:60,1
DA:61,1
DA:62,1
DA:63,1
DA:65,1
DA:67,1
DA:68,1
DA:69,1
DA:74,1
DA:75,1
DA:76,1
DA:77,1
DA:78,2
DA:79,1
DA:80,1
DA:81,1
DA:82,1
DA:87,1
DA:88,1
DA:89,1
DA:90,1
DA:91,1
DA:92,1
DA:93,1
DA:94,1
DA:96,1
DA:97,1
DA:98,1
DA:99,1
DA:100,1
DA:101,1
DA:102,1
DA:103,0
DA:107,1
DA:108,0
DA:111,1
DA:113,0
DA:120,1
DA:131,1
DA:134,1
DA:135,3
DA:136,3
DA:137,3
DA:138,3
DA:139,3
DA:140,3
DA:141,3
DA:142,3
DA:145,0
DA:146,0
DA:147,0
DA:148,0
DA:149,0
DA:150,0
DA:151,0
DA:152,0
DA:153,0
DA:154,0
DA:157,0
DA:159,0
LF:63
LH:48
end_of_record
SF:lib/core/storage/secure_storage_service_impl.dart
DA:16,2
DA:23,2
DA:24,2
DA:25,2
DA:26,1
DA:27,2
DA:29,1
DA:33,1
DA:34,2
DA:37,2
DA:40,1
DA:48,1
DA:49,2
DA:50,2
DA:51,1
DA:56,1
DA:57,2
DA:59,1
DA:60,1
DA:61,2
DA:64,0
DA:65,0
DA:66,0
DA:68,1
DA:69,2
DA:70,2
DA:75,1
DA:77,2
DA:78,2
DA:81,1
DA:83,2
DA:84,2
DA:87,1
DA:89,2
DA:90,2
DA:93,1
DA:95,2
DA:96,2
DA:99,1
DA:100,1
DA:102,0
LF:41
LH:37
end_of_record
SF:lib/core/auth/age_verification_service.dart
DA:8,3
DA:50,2
DA:52,0
DA:62,1
DA:65,2
DA:73,1
DA:81,1
DA:83,1
DA:88,1
DA:97,2
DA:99,2
DA:101,1
DA:102,4
DA:103,4
DA:104,6
DA:105,12
DA:113,2
DA:114,1
DA:117,2
DA:118,2
DA:119,1
DA:120,1
DA:126,6
DA:127,2
DA:128,2
DA:130,1
DA:136,4
DA:137,2
DA:139,1
DA:145,1
DA:146,1
DA:147,1
DA:148,1
DA:149,2
DA:150,1
DA:151,1
DA:158,1
DA:160,5
DA:161,1
DA:162,1
DA:166,0
DA:170,1
DA:173,5
DA:175,1
DA:176,1
DA:178,4
DA:179,1
DA:186,1
DA:189,4
DA:190,1
DA:194,2
DA:199,1
DA:203,1
DA:204,1
DA:205,2
DA:207,1
DA:212,0
DA:217,1
DA:220,5
DA:221,1
DA:222,1
DA:224,4
DA:225,1
DA:232,0
DA:237,0
DA:238,0
DA:239,0
DA:243,0
DA:246,0
DA:247,0
DA:249,0
DA:252,0
DA:253,0
DA:258,0
DA:264,0
DA:265,0
DA:266,0
DA:267,0
DA:270,0
DA:275,0
DA:276,0
DA:279,0
DA:286,1
DA:288,1
LF:84
LH:62
end_of_record
SF:lib/core/auth/auth_service.dart
DA:10,0
DA:80,1
DA:83,0
DA:84,0
DA:89,0
DA:91,0
DA:93,0
DA:94,0
DA:95,0
DA:96,0
DA:100,0
DA:102,0
DA:105,0
DA:108,0
DA:113,0
DA:115,0
DA:116,0
DA:118,0
DA:119,0
DA:126,0
DA:134,0
DA:137,0
DA:144,0
DA:145,0
DA:146,0
DA:156,0
DA:157,0
DA:159,0
DA:166,0
DA:167,0
DA:168,0
DA:169,0
DA:172,0
DA:173,0
DA:174,0
DA:177,0
DA:178,0
DA:182,1
DA:186,1
DA:187,1
DA:193,0
DA:194,0
DA:198,1
DA:202,1
DA:203,1
DA:209,0
DA:210,0
DA:214,0
DA:217,0
DA:218,0
DA:219,0
DA:220,0
DA:222,0
DA:223,0
DA:230,0
DA:232,0
DA:238,0
DA:239,0
DA:240,0
DA:244,0
DA:245,0
DA:249,0
DA:252,0
DA:253,0
DA:254,0
DA:255,0
DA:257,0
DA:258,0
DA:262,0
DA:264,0
DA:265,0
DA:266,0
DA:267,0
DA:271,0
DA:272,0
DA:279,0
DA:281,0
DA:283,0
DA:287,0
DA:288,0
DA:289,0
DA:290,0
DA:292,0
DA:293,0
DA:297,0
DA:299,0
DA:301,0
DA:305,0
DA:306,0
DA:307,0
DA:308,0
DA:310,0
DA:311,0
DA:316,0
DA:317,0
DA:318,0
DA:319,0
DA:323,0
DA:324,0
DA:328,0
DA:329,0
DA:333,0
DA:334,0
DA:338,0
DA:339,0
DA:341,0
DA:345,0
DA:346,0
DA:351,0
DA:359,0
DA:361,0
DA:362,0
DA:363,0
DA:365,0
DA:366,0
DA:370,0
DA:371,0
DA:372,0
DA:373,0
DA:374,0
DA:381,0
DA:385,0
DA:386,0
DA:387,0
DA:396,0
DA:397,0
LF:126
LH:7
end_of_record
SF:lib/core/auth/auth_providers.dart
DA:13,0
DA:14,0
DA:22,0
DA:23,0
DA:24,0
DA:31,0
DA:32,0
DA:33,0
DA:40,0
DA:41,0
DA:42,0
DA:50,0
DA:51,0
DA:52,0
DA:61,0
DA:62,0
DA:68,0
DA:70,0
DA:72,0
DA:74,0
DA:76,0
DA:79,0
DA:82,0
DA:87,0
DA:88,0
DA:90,0
DA:91,0
DA:93,0
DA:98,0
DA:103,0
DA:105,0
DA:110,0
DA:112,0
DA:117,0
DA:118,0
DA:119,0
DA:121,0
DA:122,0
DA:125,0
DA:126,0
DA:128,0
DA:137,0
DA:138,0
DA:139,0
DA:148,0
DA:149,0
DA:152,0
DA:153,0
DA:155,0
DA:156,0
DA:161,0
DA:162,0
DA:167,0
DA:168,0
DA:171,0
DA:172,0
DA:174,0
DA:175,0
DA:180,0
DA:181,0
DA:192,1
DA:199,2
DA:202,2
DA:205,0
DA:206,0
DA:209,0
DA:210,0
DA:213,2
DA:225,0
DA:228,0
DA:231,0
DA:236,0
DA:237,0
DA:238,0
DA:239,0
DA:243,0
DA:246,0
DA:247,0
DA:248,0
DA:249,0
DA:252,0
DA:253,0
DA:255,0
DA:257,0
DA:284,0
DA:285,0
DA:286,0
DA:287,0
DA:288,0
LF:89
LH:4
end_of_record
SF:lib/core/byok/api_key_validator.dart
DA:75,3
DA:78,2
DA:85,6
DA:97,4
DA:98,2
DA:108,4
DA:109,2
DA:111,2
DA:114,2
DA:117,2
DA:125,2
DA:133,4
DA:134,1
DA:137,2
DA:142,4
DA:152,2
DA:160,4
DA:161,0
DA:163,0
DA:171,4
DA:172,0
DA:174,0
DA:182,4
DA:188,2
DA:189,2
DA:191,2
DA:196,4
DA:198,2
DA:199,2
DA:200,2
DA:205,1
DA:206,1
DA:211,0
DA:212,0
DA:218,0
DA:227,2
DA:228,2
DA:229,2
DA:232,4
DA:233,2
DA:239,2
DA:246,1
DA:248,1
DA:250,1
DA:251,1
DA:253,1
DA:258,1
DA:266,1
DA:268,2
DA:269,2
DA:275,1
DA:278,2
DA:279,2
DA:288,1
DA:289,1
DA:290,1
DA:291,1
DA:293,1
DA:302,1
DA:304,1
DA:315,1
DA:317,1
DA:318,2
LF:63
LH:56
end_of_record
SF:lib/core/byok/models/validation_result.dart
DA:6,4
DA:17,3
DA:19,0
DA:22,0
DA:23,0
DA:24,0
DA:26,0
DA:27,0
DA:29,0
DA:30,0
DA:36,0
DA:39,0
DA:40,0
DA:41,0
DA:42,0
DA:50,0
DA:52,0
DA:55,0
DA:56,0
DA:60,0
DA:61,0
DA:62,0
DA:63,0
DA:69,0
DA:77,0
DA:81,0
DA:84,0
DA:85,0
DA:86,0
DA:88,0
DA:90,0
DA:92,0
DA:93,0
DA:99,0
DA:101,0
DA:104,0
DA:105,0
DA:111,0
DA:133,4
DA:140,0
DA:143,0
DA:144,0
DA:145,0
DA:146,0
DA:147,0
DA:149,0
DA:150,0
DA:152,0
DA:153,0
DA:154,0
DA:155,0
DA:156,0
LF:52
LH:3
end_of_record
SF:lib/core/byok/byok_manager.dart
DA:17,3
DA:24,5
DA:27,6
DA:30,4
DA:33,3
DA:34,6
DA:35,2
DA:39,4
DA:40,4
DA:41,8
DA:45,2
DA:46,8
DA:47,6
DA:51,1
DA:53,4
DA:54,3
DA:63,4
DA:65,0
DA:66,0
DA:74,5
DA:76,0
DA:77,0
DA:172,2
DA:182,2
DA:185,2
DA:188,4
DA:189,2
DA:190,4
DA:191,2
DA:197,4
DA:201,2
DA:202,4
DA:203,2
DA:209,4
DA:210,2
DA:211,2
DA:222,4
DA:223,4
DA:226,2
DA:233,2
DA:237,4
DA:242,2
DA:243,2
DA:244,2
DA:245,1
DA:246,0
DA:251,2
DA:258,2
DA:263,4
DA:269,4
DA:273,2
DA:274,2
DA:277,1
DA:278,2
DA:279,1
DA:282,3
DA:283,2
DA:290,2
DA:297,2
DA:301,2
DA:304,4
DA:305,2
DA:306,0
DA:307,0
DA:313,4
DA:317,2
DA:318,2
DA:319,1
DA:325,2
DA:326,2
DA:329,2
DA:330,2
DA:331,2
DA:334,2
DA:336,2
DA:342,4
DA:343,4
DA:345,2
DA:352,2
DA:353,1
DA:356,2
DA:360,1
DA:362,1
DA:364,2
DA:365,2
DA:367,2
DA:371,3
DA:373,2
DA:377,2
DA:386,1
DA:389,1
DA:397,1
DA:398,1
DA:399,2
DA:403,1
DA:406,2
DA:410,1
DA:411,2
DA:415,1
DA:416,2
DA:417,2
DA:420,2
DA:424,0
DA:431,1
DA:435,1
DA:436,1
DA:438,1
DA:439,1
DA:440,2
DA:441,2
DA:445,2
DA:446,2
DA:449,1
DA:450,2
DA:451,1
DA:454,0
DA:455,0
DA:461,0
DA:468,1
DA:471,1
DA:479,2
DA:480,1
DA:481,2
DA:486,1
DA:487,2
DA:488,2
DA:491,1
DA:492,0
DA:495,1
DA:497,0
DA:504,2
DA:508,4
DA:515,1
DA:519,2
DA:520,1
DA:526,1
DA:532,1
DA:540,2
DA:544,2
DA:545,4
DA:546,4
DA:547,2
DA:558,3
DA:559,0
DA:565,3
DA:566,0
DA:572,3
DA:573,0
DA:574,0
DA:575,0
DA:577,0
LF:151
LH:132
end_of_record
SF:lib/core/byok/cloud_backup_service.dart
DA:112,0
DA:123,0
DA:124,0
DA:126,0
DA:128,0
DA:132,0
DA:133,0
DA:135,0
DA:137,0
DA:150,0
DA:151,0
DA:154,0
DA:157,0
DA:162,0
DA:167,0
DA:175,0
DA:183,0
DA:186,0
DA:192,0
DA:193,0
DA:196,0
DA:202,0
DA:205,0
DA:206,0
DA:209,0
DA:210,0
DA:215,0
DA:216,0
DA:217,0
DA:219,0
DA:223,0
DA:224,0
DA:225,0
DA:229,0
DA:230,0
DA:231,0
DA:237,0
DA:238,0
DA:239,0
DA:244,0
DA:245,0
DA:261,0
DA:267,0
DA:269,0
DA:275,0
DA:276,0
DA:280,0
DA:282,0
DA:288,0
DA:289,0
DA:297,0
DA:298,0
DA:299,0
DA:300,0
DA:301,0
DA:302,0
DA:311,0
DA:312,0
DA:319,0
DA:322,0
DA:323,0
DA:324,0
DA:326,0
DA:329,0
DA:332,0
DA:336,0
DA:343,0
DA:344,0
DA:346,0
DA:348,0
DA:351,0
DA:352,0
DA:356,0
DA:357,0
DA:358,0
DA:363,0
DA:364,0
DA:365,0
DA:370,0
DA:371,0
DA:378,0
DA:382,0
DA:389,0
DA:390,0
DA:392,0
DA:394,0
DA:398,0
DA:399,0
DA:403,0
DA:404,0
DA:405,0
DA:411,0
DA:412,0
DA:413,0
DA:418,0
DA:419,0
DA:426,0
DA:446,0
DA:454,0
DA:455,0
DA:456,0
DA:458,0
DA:459,0
DA:462,0
DA:463,0
DA:464,0
DA:466,0
DA:469,0
DA:472,0
DA:474,0
DA:475,0
DA:479,0
DA:481,0
DA:483,0
DA:485,0
DA:486,0
DA:487,0
DA:489,0
DA:492,0
DA:494,0
DA:511,0
DA:512,0
DA:514,0
DA:517,0
DA:519,0
DA:524,0
DA:529,0
DA:532,0
DA:536,0
DA:538,0
DA:544,0
DA:550,0
DA:555,0
DA:556,0
DA:557,0
DA:562,0
DA:563,0
DA:574,0
DA:581,0
DA:584,0
DA:590,0
DA:591,0
DA:594,0
DA:600,0
DA:601,0
DA:604,0
DA:610,0
DA:611,0
DA:612,0
DA:614,0
DA:618,0
DA:619,0
DA:620,0
DA:625,0
DA:626,0
DA:627,0
DA:632,0
DA:633,0
DA:645,0
DA:651,0
DA:652,0
DA:663,0
DA:664,0
DA:665,0
DA:666,0
DA:667,0
DA:668,0
DA:675,0
DA:677,0
DA:681,0
DA:682,0
DA:688,0
DA:689,0
DA:695,0
DA:696,0
DA:701,0
DA:702,0
DA:703,0
DA:708,0
DA:709,0
DA:720,0
DA:722,0
DA:723,0
DA:725,0
DA:727,0
DA:730,0
DA:731,0
DA:736,0
DA:737,0
DA:738,0
DA:743,0
DA:744,0
DA:762,0
DA:765,0
DA:770,0
DA:771,0
DA:777,0
DA:778,0
DA:779,0
DA:798,0
DA:801,0
DA:809,0
DA:810,0
DA:820,0
DA:821,0
DA:822,0
DA:823,0
DA:824,0
DA:825,0
DA:826,0
DA:831,0
DA:832,0
DA:838,0
DA:839,0
DA:843,0
DA:844,0
DA:845,0
DA:850,0
DA:851,0
DA:852,0
DA:857,0
DA:858,0
DA:865,0
DA:869,0
DA:878,0
DA:879,0
DA:883,0
DA:884,0
DA:888,0
DA:889,0
DA:895,0
DA:896,0
DA:897,0
DA:898,0
DA:899,0
DA:901,0
LF:236
LH:0
end_of_record
SF:lib/core/byok/models/api_key_config.dart
DA:25,3
DA:35,6
DA:36,3
DA:37,3
DA:38,6
DA:39,6
DA:40,3
DA:41,3
DA:47,3
DA:49,3
DA:50,3
DA:51,3
DA:52,6
DA:53,6
DA:54,3
DA:55,3
DA:58,0
DA:59,0
DA:64,1
DA:72,1
DA:73,1
DA:74,1
DA:75,1
DA:76,1
DA:77,0
DA:78,1
DA:81,0
DA:84,0
DA:85,0
DA:86,0
DA:87,0
DA:88,0
DA:89,0
DA:90,0
DA:91,0
DA:93,0
DA:94,0
DA:95,0
DA:96,0
DA:97,0
DA:98,0
DA:99,0
DA:100,0
DA:103,0
DA:104,0
DA:105,0
DA:106,0
DA:107,0
DA:108,0
DA:109,0
LF:50
LH:23
end_of_record
SF:lib/core/byok/models/byok_error.dart
DA:14,4
DA:20,0
DA:21,0
DA:31,3
DA:37,0
DA:39,0
DA:46,2
DA:48,0
DA:49,0
DA:56,1
DA:58,0
DA:59,0
DA:69,2
DA:71,0
DA:73,0
DA:98,0
DA:100,0
DA:101,0
LF:18
LH:5
end_of_record
SF:lib/core/crypto/encryption_service.dart
DA:8,2
DA:10,0
DA:11,0
DA:25,2
DA:27,4
DA:28,0
DA:30,2
DA:32,4
DA:39,4
DA:42,2
DA:44,4
DA:45,0
DA:47,4
DA:48,0
DA:52,2
DA:55,2
DA:62,4
DA:67,2
DA:68,2
DA:69,2
DA:70,4
LF:21
LH:16
end_of_record
SF:lib/core/crypto/key_derivation_service.dart
DA:19,2
DA:21,2
DA:23,2
DA:24,2
DA:27,2
DA:28,2
DA:29,2
DA:30,2
DA:31,2
DA:35,1
DA:37,1
DA:38,6
DA:39,1
DA:43,1
DA:47,1
DA:55,2
DA:56,2
DA:58,2
DA:60,2
DA:61,2
DA:62,2
DA:63,2
DA:68,2
DA:69,2
DA:70,2
DA:71,2
DA:74,2
DA:76,2
DA:78,2
DA:79,2
DA:82,1
DA:83,1
DA:84,4
DA:95,2
DA:104,2
DA:105,2
DA:107,2
DA:108,2
DA:109,2
DA:110,2
DA:112,2
DA:113,2
DA:114,2
DA:115,4
LF:44
LH:44
end_of_record
SF:lib/core/byok/models/cloud_backup_blob.dart
DA:32,1
DA:48,2
DA:49,1
DA:50,2
DA:51,1
DA:52,2
DA:53,2
DA:62,1
DA:64,2
DA:65,1
DA:66,2
DA:71,1
DA:72,1
DA:75,1
DA:76,2
DA:81,1
DA:82,0
DA:86,1
DA:87,1
DA:90,1
DA:94,2
DA:95,0
DA:96,0
DA:97,0
DA:102,1
DA:103,2
DA:108,1
DA:109,1
DA:110,1
DA:111,0
DA:114,1
DA:116,0
DA:120,1
DA:124,1
DA:125,1
DA:130,1
DA:137,1
DA:138,1
DA:139,1
DA:140,1
DA:141,1
DA:142,1
DA:145,0
DA:148,0
DA:149,0
DA:150,0
DA:151,0
DA:152,0
DA:153,0
DA:154,0
DA:156,0
DA:158,0
DA:160,0
DA:161,0
DA:162,0
DA:163,0
DA:164,0
LF:57
LH:36
end_of_record
SF:lib/core/crypto/kdf_metadata.dart
DA:16,4
DA:24,1
DA:25,1
DA:26,2
DA:27,2
DA:28,1
DA:29,1
DA:30,1
DA:34,2
DA:36,4
DA:37,2
DA:38,2
DA:45,4
DA:47,6
DA:53,4
DA:55,3
DA:59,2
DA:60,2
DA:61,2
DA:63,2
DA:64,2
DA:69,2
DA:72,4
DA:73,4
DA:74,4
LF:25
LH:25
end_of_record
SF:lib/core/clothing/clothing_repository.dart
DA:14,1
DA:16,2
DA:17,2
DA:18,1
DA:19,2
DA:20,0
DA:22,1
DA:23,1
DA:24,2
DA:30,1
DA:31,0
DA:32,0
DA:37,1
DA:38,0
DA:39,0
DA:118,1
DA:122,0
DA:123,0
DA:127,0
DA:128,0
DA:132,0
DA:133,0
DA:137,0
DA:138,0
DA:142,0
DA:143,0
DA:146,0
DA:149,0
DA:151,0
DA:156,1
DA:165,1
DA:166,2
DA:170,2
DA:180,1
DA:183,0
DA:189,1
DA:195,1
DA:196,1
DA:199,1
DA:210,1
DA:211,0
DA:212,0
DA:213,0
DA:216,0
DA:217,0
DA:218,0
DA:219,0
DA:224,0
DA:225,0
DA:226,0
DA:233,1
DA:261,2
DA:262,0
DA:263,0
DA:264,0
DA:267,0
DA:268,0
DA:269,0
DA:270,0
DA:275,0
DA:276,0
DA:277,0
DA:284,1
DA:299,0
DA:300,0
DA:301,0
DA:304,0
DA:305,0
DA:306,0
DA:307,0
DA:312,0
DA:313,0
DA:314,0
DA:321,0
DA:332,0
DA:333,0
DA:334,0
DA:335,0
DA:338,0
DA:339,0
DA:340,0
DA:341,0
DA:346,0
DA:347,0
DA:348,0
DA:355,1
DA:375,0
DA:376,0
DA:377,0
DA:380,0
DA:381,0
DA:382,0
DA:383,0
DA:388,0
DA:389,0
DA:390,0
DA:397,1
DA:414,1
DA:418,3
DA:420,1
DA:421,0
DA:422,0
DA:423,0
DA:426,0
DA:427,0
DA:428,0
DA:429,0
DA:434,0
DA:435,0
DA:436,0
DA:443,1
DA:448,1
DA:449,1
DA:452,0
DA:453,0
DA:455,0
DA:463,0
DA:465,0
DA:466,0
DA:467,0
DA:468,0
DA:473,0
DA:474,0
DA:475,0
DA:488,0
DA:489,0
DA:493,0
DA:494,0
DA:500,0
DA:501,0
DA:502,0
DA:504,0
LF:132
LH:32
end_of_record
SF:lib/core/clothing/models/clothing_error.dart
DA:9,1
DA:19,0
DA:20,0
DA:22,0
DA:23,0
DA:33,1
DA:34,1
DA:36,1
DA:38,0
DA:39,0
DA:46,0
DA:48,0
DA:49,0
DA:56,0
DA:58,0
DA:59,0
DA:66,0
DA:68,0
DA:69,0
DA:76,1
DA:78,0
DA:79,0
DA:99,2
DA:104,4
DA:107,1
DA:113,1
DA:114,1
DA:115,1
DA:116,1
DA:117,1
DA:121,2
DA:122,1
DA:123,1
DA:124,1
DA:125,1
DA:126,1
DA:130,1
DA:131,2
DA:132,2
DA:133,2
DA:134,2
DA:136,1
DA:145,1
DA:147,0
DA:148,0
DA:152,1
DA:156,0
DA:158,0
DA:161,0
DA:166,0
DA:169,0
DA:171,0
DA:172,0
DA:173,0
DA:174,0
DA:179,0
DA:180,0
DA:184,0
DA:187,0
DA:188,0
DA:189,0
DA:190,0
DA:191,0
DA:192,0
DA:193,0
DA:195,0
DA:196,0
DA:197,0
DA:198,0
DA:199,0
DA:200,0
DA:201,0
DA:204,0
DA:205,0
DA:206,0
LF:75
LH:27
end_of_record
SF:lib/core/clothing/models/clothing_item.dart
DA:6,1
DA:7,1
DA:9,0
DA:10,0
DA:13,1
DA:14,0
DA:15,0
DA:24,1
DA:25,1
DA:27,0
DA:28,0
DA:31,1
DA:32,0
DA:33,0
DA:42,1
DA:43,1
DA:45,0
DA:46,0
DA:49,1
DA:50,0
DA:51,0
DA:55,1
DA:56,0
DA:57,0
DA:58,0
DA:108,2
DA:126,2
DA:136,4
DA:137,2
DA:138,2
DA:154,1
DA:169,1
DA:170,1
DA:171,1
DA:172,1
DA:173,1
DA:174,1
DA:175,0
DA:176,1
DA:177,1
DA:178,1
DA:179,1
DA:180,1
DA:181,1
DA:182,1
DA:183,1
DA:187,2
DA:188,1
DA:189,1
DA:190,1
DA:191,1
DA:192,1
DA:193,1
DA:194,1
DA:195,1
DA:196,2
DA:197,2
DA:198,2
DA:199,1
DA:200,1
DA:201,1
DA:205,1
DA:207,1
DA:209,0
DA:213,1
DA:214,0
DA:215,0
DA:219,1
DA:220,3
DA:221,0
DA:222,0
DA:227,1
DA:229,1
DA:230,1
DA:231,1
DA:232,1
DA:233,1
DA:234,1
DA:235,1
DA:236,2
DA:237,2
DA:238,1
DA:239,1
DA:241,1
DA:242,1
DA:247,1
DA:250,1
DA:251,3
DA:252,3
DA:253,3
DA:254,3
DA:255,3
DA:256,3
DA:257,3
DA:258,3
DA:259,3
DA:260,3
DA:261,3
DA:262,3
DA:263,3
DA:264,3
DA:265,3
DA:267,0
DA:268,0
DA:269,0
DA:270,0
DA:271,0
DA:272,0
DA:273,0
DA:274,0
DA:275,0
DA:276,0
DA:277,0
DA:278,0
DA:279,0
DA:280,0
DA:281,0
DA:282,0
DA:285,0
DA:286,0
DA:287,0
DA:288,0
DA:291,1
DA:292,1
DA:294,3
DA:295,3
DA:296,3
LF:127
LH:86
end_of_record
SF:lib/core/onboarding/onboarding_controller_impl.dart
DA:22,2
DA:34,2
DA:35,2
DA:36,1
DA:40,1
DA:41,0
DA:44,2
DA:47,1
DA:48,1
DA:49,2
DA:52,0
DA:53,0
DA:58,2
DA:60,2
DA:61,2
DA:64,1
DA:66,1
DA:67,1
DA:69,0
DA:76,1
DA:78,1
DA:80,1
LF:22
LH:18
end_of_record
SF:lib/core/onboarding/models/onboarding_persistence_exception.dart
DA:12,0
DA:22,0
DA:24,0
DA:25,0
DA:27,0
LF:5
LH:0
end_of_record
SF:lib/core/privacy/background_removal_service.dart
DA:60,2
DA:61,6
DA:64,2
DA:67,2
DA:69,2
DA:71,4
DA:72,10
DA:74,0
DA:76,2
DA:81,2
DA:83,2
DA:84,2
DA:91,2
DA:102,2
DA:103,4
DA:104,2
DA:105,8
DA:107,2
DA:108,2
DA:113,2
DA:118,2
DA:124,4
DA:125,0
DA:126,0
DA:127,0
DA:134,0
DA:135,0
LF:27
LH:21
end_of_record
SF:lib/features/auth/widgets/age_gate.dart
DA:9,1
DA:11,1
DA:12,1
DA:19,1
DA:21,1
DA:23,1
DA:24,1
DA:26,1
DA:32,1
DA:33,3
DA:34,1
DA:35,2
DA:36,1
DA:37,2
DA:38,1
DA:42,2
DA:44,1
DA:45,3
DA:46,3
DA:49,1
DA:51,0
DA:52,0
DA:53,0
DA:54,0
DA:63,1
DA:64,1
DA:65,0
DA:68,1
DA:69,1
DA:71,1
DA:72,2
DA:73,2
DA:75,0
DA:76,0
DA:86,1
DA:87,8
DA:94,1
DA:114,1
DA:115,1
DA:121,1
DA:123,1
DA:124,3
DA:125,3
DA:126,4
DA:130,1
DA:132,1
DA:133,1
DA:134,2
DA:135,2
DA:136,0
DA:137,0
DA:138,0
DA:140,0
DA:150,1
DA:151,1
DA:152,4
DA:153,9
DA:154,1
LF:58
LH:47
end_of_record
SF:lib/features/onboarding/widgets/welcome_page.dart
DA:11,2
DA:19,2
DA:21,2
DA:22,2
DA:24,2
DA:26,2
DA:28,2
DA:31,2
DA:34,2
DA:35,2
DA:36,2
DA:38,2
DA:41,2
DA:46,2
DA:48,6
DA:50,2
DA:56,2
DA:58,6
DA:59,2
DA:65,2
DA:73,2
DA:81,2
DA:90,2
DA:92,2
DA:93,2
DA:94,2
DA:96,2
DA:97,2
DA:118,2
DA:130,2
DA:132,2
DA:134,2
DA:135,4
DA:136,2
DA:137,2
DA:138,4
DA:142,2
DA:144,2
DA:145,2
DA:148,2
DA:149,4
DA:150,2
DA:152,2
DA:153,2
DA:154,4
DA:159,2
DA:160,2
DA:162,2
DA:163,2
DA:164,2
DA:165,2
DA:168,4
DA:172,2
DA:173,2
DA:174,2
DA:176,4
LF:56
LH:56
end_of_record
SF:lib/core/onboarding/models/onboarding_error.dart
DA:30,0
DA:54,0
DA:55,0
DA:56,0
DA:57,0
DA:59,0
DA:62,0
DA:63,0
DA:64,0
DA:65,0
DA:68,0
DA:69,0
LF:12
LH:0
end_of_record
SF:lib/core/onboarding/models/onboarding_state.dart
DA:34,1
DA:40,1
DA:45,1
DA:54,0
DA:63,3
DA:72,2
DA:75,1
DA:80,1
DA:81,0
DA:82,1
DA:86,0
DA:89,0
DA:90,0
DA:91,0
DA:94,0
DA:95,0
DA:97,0
DA:99,0
LF:18
LH:8
end_of_record
SF:lib/core/onboarding/onboarding_error_formatter.dart
DA:26,0
DA:44,0
DA:45,0
DA:48,0
DA:51,0
DA:61,0
DA:62,0
DA:63,0
DA:64,0
DA:75,0
DA:81,0
DA:83,0
DA:86,0
DA:91,0
DA:95,0
DA:100,0
DA:105,0
DA:106,0
LF:18
LH:0
end_of_record
SF:lib/core/utils/network_error_checker_io.dart
DA:8,0
DA:11,0
LF:2
LH:0
end_of_record
SF:lib/core/onboarding/onboarding_providers.dart
DA:20,4
DA:21,1
DA:51,0
DA:52,0
DA:53,0
DA:63,1
DA:64,1
DA:75,1
DA:77,2
DA:79,0
DA:82,0
DA:84,0
DA:85,0
DA:100,1
DA:101,2
DA:102,1
DA:103,3
DA:105,1
DA:106,3
DA:108,0
DA:110,0
DA:111,0
DA:113,0
DA:114,0
DA:115,0
DA:125,0
DA:134,1
DA:135,2
DA:136,1
DA:139,1
DA:140,3
DA:142,1
DA:143,3
DA:145,0
DA:159,0
DA:161,0
DA:162,0
DA:164,0
DA:166,0
DA:167,0
DA:173,0
DA:182,0
DA:183,0
DA:187,0
DA:194,0
DA:195,0
DA:229,2
DA:230,2
DA:231,2
DA:232,1
LF:50
LH:23
end_of_record
SF:lib/features/onboarding/onboarding_screen.dart
DA:18,0
DA:20,1
DA:21,1
DA:25,1
DA:27,1
DA:29,3
DA:30,5
DA:34,1
DA:36,3
DA:40,1
DA:49,1
DA:50,0
DA:51,0
DA:52,0
DA:54,0
DA:56,0
DA:57,0
DA:60,0
DA:63,0
DA:65,0
DA:69,0
DA:70,0
DA:71,0
DA:75,0
DA:76,0
DA:77,0
DA:88,1
DA:89,1
DA:90,1
DA:91,1
DA:93,1
DA:98,1
DA:99,1
DA:103,1
DA:104,1
DA:106,1
DA:107,1
DA:109,1
DA:110,1
DA:113,2
DA:121,2
DA:131,1
DA:133,2
DA:135,1
DA:137,2
DA:139,1
DA:140,1
DA:142,2
DA:144,1
DA:145,1
DA:147,0
DA:154,1
DA:155,5
DA:159,1
DA:160,5
LF:55
LH:38
end_of_record
SF:lib/features/onboarding/widgets/api_key_input_page.dart
DA:17,2
DA:29,2
DA:30,2
DA:45,2
DA:47,4
DA:48,4
DA:49,4
DA:50,4
DA:51,2
DA:54,2
DA:56,2
DA:57,2
DA:59,2
DA:60,2
DA:61,2
DA:62,2
DA:64,2
DA:65,2
DA:66,2
DA:68,2
DA:71,2
DA:73,6
DA:75,2
DA:79,2
DA:81,6
DA:82,2
DA:87,2
DA:90,2
DA:93,3
DA:94,1
DA:95,1
DA:96,1
DA:102,2
DA:103,2
DA:110,2
DA:111,4
DA:112,2
DA:113,2
DA:121,2
DA:122,2
DA:124,2
DA:125,2
DA:127,2
DA:130,2
DA:134,2
DA:135,2
DA:136,2
DA:137,2
DA:138,2
DA:139,2
DA:142,2
DA:143,2
DA:144,2
DA:148,1
DA:149,2
DA:150,2
DA:153,2
DA:155,2
DA:156,2
DA:160,2
DA:161,0
DA:162,0
DA:167,2
DA:169,2
DA:171,2
DA:179,2
DA:180,2
DA:182,2
DA:183,2
DA:185,2
DA:188,2
DA:192,2
DA:193,2
DA:194,2
DA:195,2
DA:196,2
DA:199,2
DA:200,2
DA:204,2
DA:205,0
DA:206,0
DA:211,2
DA:213,2
DA:215,2
DA:223,1
DA:224,2
DA:227,1
DA:228,1
DA:231,2
DA:238,1
DA:239,2
DA:242,1
DA:243,4
DA:246,2
DA:253,1
DA:255,2
DA:256,1
DA:257,1
DA:261,3
DA:265,2
DA:266,1
DA:270,3
DA:271,3
DA:272,3
DA:275,1
DA:277,1
DA:279,1
DA:281,3
DA:284,1
DA:285,2
DA:286,2
DA:287,1
DA:288,1
DA:289,1
DA:290,2
DA:296,0
DA:297,0
DA:298,0
DA:301,1
DA:302,2
DA:303,1
DA:312,1
DA:322,1
DA:324,1
DA:326,1
DA:327,2
DA:328,1
DA:330,1
DA:332,1
DA:333,1
DA:334,2
DA:335,2
DA:339,1
DA:340,1
DA:342,1
DA:343,1
DA:344,2
DA:345,1
DA:348,2
DA:352,1
DA:353,1
DA:354,1
DA:356,3
DA:360,3
DA:362,1
DA:363,2
DA:364,1
DA:367,3
DA:379,1
DA:381,1
DA:382,1
DA:384,1
DA:385,1
DA:386,1
DA:387,1
DA:388,0
DA:393,1
DA:395,1
DA:396,1
DA:398,1
DA:399,1
DA:400,1
DA:401,1
DA:402,0
DA:407,1
DA:409,1
DA:411,1
DA:413,1
DA:415,1
DA:417,0
DA:426,2
DA:430,2
DA:432,2
DA:434,2
DA:435,4
DA:436,2
DA:437,2
DA:438,4
DA:442,2
DA:444,2
DA:445,2
DA:447,4
DA:451,2
DA:452,2
DA:454,2
DA:455,2
DA:457,2
DA:460,4
DA:464,2
DA:466,2
DA:468,4
DA:483,2
DA:495,2
DA:497,2
DA:499,2
DA:500,4
DA:501,2
DA:502,2
DA:503,4
DA:508,2
DA:509,2
DA:511,2
DA:512,4
DA:515,2
DA:520,2
DA:521,2
DA:527,2
DA:528,4
DA:529,2
DA:530,1
DA:533,1
DA:535,2
DA:539,4
DA:540,2
DA:545,2
DA:546,2
LF:216
LH:206
end_of_record
SF:lib/features/onboarding/widgets/onboarding_page_indicator.dart
DA:13,1
DA:29,1
DA:31,2
DA:32,2
DA:34,1
DA:36,3
DA:37,1
DA:38,1
DA:40,1
DA:43,1
DA:44,2
DA:49,1
DA:51,1
DA:52,1
DA:53,1
DA:69,0
DA:84,0
DA:86,0
DA:88,0
DA:90,0
DA:92,0
DA:93,0
DA:94,0
DA:95,0
DA:97,0
DA:98,0
DA:100,0
DA:102,0
DA:103,0
DA:105,0
DA:106,0
DA:107,0
DA:110,0
DA:111,0
DA:115,0
DA:116,0
DA:120,0
DA:122,0
DA:124,0
DA:125,0
DA:128,0
DA:129,0
DA:134,0
DA:136,0
DA:139,0
DA:141,0
DA:142,0
DA:143,0
DA:147,0
DA:148,0
DA:154,0
DA:155,0
DA:156,0
DA:159,0
DA:160,0
DA:167,0
DA:168,0
DA:169,0
DA:173,0
DA:174,0
DA:188,1
LF:61
LH:16
end_of_record
SF:lib/features/onboarding/widgets/tutorial_page.dart
DA:16,2
DA:40,2
DA:42,2
DA:43,2
DA:45,2
DA:46,2
DA:47,2
DA:48,2
DA:50,2
DA:52,2
DA:55,2
DA:57,6
DA:59,2
DA:63,2
DA:65,6
DA:66,2
DA:71,2
DA:81,2
DA:87,0
DA:92,2
DA:98,0
DA:103,2
DA:109,0
DA:114,2
DA:121,2
DA:122,2
DA:123,2
DA:131,0
DA:132,0
DA:134,0
DA:135,0
DA:136,0
DA:137,0
DA:138,0
DA:146,0
DA:147,0
DA:148,0
DA:161,2
DA:175,2
DA:178,6
DA:179,2
DA:180,0
DA:181,4
DA:183,2
DA:185,2
DA:187,2
DA:189,2
DA:191,2
DA:192,2
DA:193,2
DA:198,2
DA:199,2
DA:201,2
DA:202,2
DA:203,2
DA:204,2
DA:211,2
DA:212,2
DA:213,2
DA:215,2
DA:230,2
DA:246,2
DA:248,2
DA:250,2
DA:253,2
DA:254,6
DA:257,2
DA:258,4
DA:261,2
DA:262,2
DA:263,4
DA:264,2
DA:267,4
DA:274,2
DA:275,2
DA:277,2
DA:278,2
DA:279,2
DA:280,2
DA:283,4
DA:287,2
DA:288,2
DA:289,2
DA:291,4
DA:297,2
DA:298,2
DA:299,2
DA:300,2
DA:302,2
DA:304,2
DA:305,2
DA:308,4
DA:311,2
DA:312,2
DA:313,2
DA:316,4
DA:333,2
DA:337,2
DA:339,2
DA:341,2
DA:342,4
DA:343,2
DA:344,2
DA:345,4
DA:349,2
DA:351,2
DA:352,2
DA:353,2
DA:354,2
DA:357,4
DA:360,2
DA:362,2
DA:365,4
DA:371,2
DA:376,2
DA:379,2
DA:384,2
DA:387,2
DA:389,2
DA:392,4
DA:403,2
DA:415,2
DA:417,2
DA:419,2
DA:420,2
DA:421,2
DA:423,4
DA:426,2
DA:427,2
DA:429,2
DA:430,2
DA:431,2
DA:432,2
DA:435,4
DA:438,2
DA:439,2
DA:440,2
DA:442,4
DA:455,2
DA:465,2
DA:467,2
DA:469,2
DA:470,4
DA:471,2
DA:472,2
DA:473,4
DA:478,2
DA:479,2
DA:481,2
DA:482,2
DA:485,2
DA:490,2
DA:491,2
DA:497,2
DA:498,2
DA:501,2
DA:506,2
DA:507,2
LF:158
LH:144
end_of_record
SF:lib/core/privacy/auto_tagger_service.dart
DA:27,2
DA:34,1
DA:35,1
DA:36,1
DA:37,1
DA:38,1
DA:39,1
DA:43,1
DA:44,1
DA:45,1
DA:46,2
DA:47,2
DA:48,2
DA:54,2
DA:56,2
DA:57,3
DA:61,2
DA:62,2
DA:64,0
DA:68,2
DA:71,2
DA:74,2
DA:76,2
DA:84,2
DA:85,2
DA:86,2
DA:87,4
DA:90,2
DA:92,4
DA:97,2
DA:102,2
DA:111,2
DA:113,2
DA:117,6
DA:118,6
DA:119,2
DA:120,4
DA:121,4
DA:122,4
DA:125,2
DA:126,6
DA:131,4
DA:132,6
DA:135,10
DA:139,2
DA:141,6
DA:144,6
DA:147,6
DA:150,6
DA:153,6
DA:156,6
DA:159,6
DA:162,5
DA:165,6
DA:174,2
DA:175,2
DA:182,4
DA:184,2
DA:185,2
DA:186,2
DA:187,6
DA:188,6
DA:190,2
DA:191,2
DA:192,2
DA:193,6
DA:195,2
DA:196,2
DA:197,6
DA:198,6
DA:202,6
DA:203,6
DA:204,6
DA:205,6
DA:211,4
DA:212,10
DA:215,12
DA:216,1
DA:219,10
LF:79
LH:78
end_of_record
SF:lib/main.dart
DA:3,0
DA:4,0
DA:8,1
DA:11,1
DA:13,1
DA:15,1
DA:31,1
DA:39,1
DA:52,1
DA:53,1
DA:59,1
DA:60,2
DA:66,2
DA:70,1
DA:78,1
DA:79,1
DA:83,3
DA:86,3
DA:88,1
DA:91,1
DA:106,1
DA:108,1
DA:109,2
DA:110,3
DA:115,1
DA:116,1
LF:26
LH:24
end_of_record
SF:lib/core/privacy/metadata_stripper_service.dart
DA:18,1
DA:21,1
DA:24,1
DA:26,3
DA:30,1
DA:33,2
DA:34,2
DA:35,4
DA:36,1
LF:9
LH:9
end_of_record
SF:lib/core/privacy/consent_manager.dart
DA:37,1
DA:39,1
DA:41,2
DA:44,1
DA:46,2
DA:49,0
DA:51,0
DA:54,1
DA:56,2
DA:59,1
DA:61,2
DA:64,0
DA:66,0
DA:69,1
DA:71,2
DA:72,2
DA:73,2
LF:17
LH:13
end_of_record
SF:lib/features/privacy/widgets/face_detection_consent_dialog.dart
DA:11,1
DA:17,1
DA:19,1
DA:21,1
DA:23,0
DA:24,0
DA:27,1
DA:29,1
DA:32,1
DA:48,1
DA:49,1
DA:50,1
DA:51,2
DA:52,2
DA:56,1
DA:57,1
DA:58,2
DA:59,2
LF:18
LH:16
end_of_record
